  Cleaning TAG Binaries...
  Target Platform -- Win64
  Creating makefile for TAG (no existing makefile)
  Performing full C++ include scan (no include cache file)
  Target Platform -- Win64
  Parsing headers for TAG
    Running UnrealHeaderTool "C:\Workspace\TAG\TAG.uproject" "C:\Workspace\TAG\Intermediate\Build\Win64\TAG\Shipping\TAG.uhtmanifest" -LogCmds="loginit warning, logexit warning, logdatabase error" -Unattended -WarningsAsErrors -installed
  Reflection code generated for TAG in 7,8482827 seconds
  Performing 24 actions (4 in parallel)
  [3/24] Resource PCLaunch.rc
  PCH.UELinkerFixups.cpp
  SharedPCH.Engine.cpp
  UELinkerFixups.cpp
  TrollCharacter.cpp
  TriggerSceneComponent.cpp
  TAG.generated.cpp
  WaterField.cpp
  Trigger.cpp
  TestActor.cpp
  Textures.cpp
  TAGPlayerController.cpp
  TAGPlayerState.cpp
  TAGGameState.cpp
  TAGGameMode.cpp
  TAGCharacter.cpp
  TAG.cpp
  MultiplayerGameMode.cpp
  GoldPile.cpp
  GnomeCharacter.cpp
  DropOffZone.cpp
  CowCharacter.cpp
  ChildTrigger.cpp
  [24/24] Link TAG-Win64-Shipping.exe
TAG.generated.cpp.obj : error LNK2005: "public: void __cdecl ATrigger::TriggerEvent(void)" (?TriggerEvent@ATrigger@@QEAAXXZ) already defined in Trigger.cpp.obj
     Creating library C:\Workspace\TAG\Binaries\Win64\TAG-Win64-Shipping.lib and object C:\Workspace\TAG\Binaries\Win64\TAG-Win64-Shipping.exp
C:\Workspace\TAG\Binaries\Win64\TAG-Win64-Shipping.exe : fatal error LNK1169: one or more multiply defined symbols found
ERROR : UBT error : Failed to produce item: C:\Workspace\TAG\Binaries\Win64\TAG-Win64-Shipping.exe
  Total build time: 109,36 seconds (Local executor: 0,00 seconds)
C:\Program Files (x86)\Microsoft Visual Studio\2017\Enterprise\Common7\IDE\VC\VCTargets\Microsoft.MakeFile.Targets(49,5): error MSB3073: The command ""C:\Program Files\Epic Games\UE_4.16\Engine\Build\BatchFiles\Rebuild.bat" TAG Win64 Shipping "C:\Workspace\TAG\TAG.uproject" -waitmutex" exited with code -1.
